<?xml version="1.0" encoding="UTF-8"?>
<!-- Generated by org.testng.reporters.JUnitReportReporter -->
<testsuite hostname="Chinnu" name="testscripts.HMScreatepatient" tests="1" failures="0" timestamp="29 Nov 2019 06:30:30 GMT" time="25.902" errors="0">
  <testcase name="f" time="25.902" classname="testscripts.HMScreatepatient"/>
</testsuite> <!-- testscripts.HMScreatepatient -->
